\BOOKMARK [1][-]{section.1}{Preliminaries}{}% 1
\BOOKMARK [2][-]{subsection.1.1}{Notation}{section.1}% 2
\BOOKMARK [2][-]{subsection.1.2}{Interactive Oracle Proofs and STARKs}{section.1}% 3
\BOOKMARK [2][-]{subsection.1.3}{FRI}{section.1}% 4
\BOOKMARK [2][-]{subsection.1.4}{Vanilla STARK}{section.1}% 5
\BOOKMARK [2][-]{subsection.1.5}{Arguments}{section.1}% 6
\BOOKMARK [1][-]{section.2}{Our Techniques}{}% 7
\BOOKMARK [2][-]{subsection.2.1}{Commiting to Multiple Polynomial at Once}{section.2}% 8
\BOOKMARK [2][-]{subsection.2.2}{Transcript Generation and Computing Verifier Challenges}{section.2}% 9
\BOOKMARK [2][-]{subsection.2.3}{Preprocessed Polynomials and Public Values}{section.2}% 10
\BOOKMARK [2][-]{subsection.2.4}{Adding Selected Vector Arguments}{section.2}% 11
\BOOKMARK [2][-]{subsection.2.5}{On the Quotient Polynomial}{section.2}% 12
\BOOKMARK [2][-]{subsection.2.6}{Controlling the Constraint Degree wih Intermediate Polynomials}{section.2}% 13
\BOOKMARK [2][-]{subsection.2.7}{FRI Polynomial Computation}{section.2}% 14
\BOOKMARK [1][-]{section.3}{Our eSTARK Protocol}{}% 15
\BOOKMARK [2][-]{subsection.3.1}{Extended Algebraic Intermediate Representation \(eAIR\)}{section.3}% 16
\BOOKMARK [2][-]{subsection.3.2}{The Setup Phase}{section.3}% 17
\BOOKMARK [2][-]{subsection.3.3}{Our IOP for eAIR}{section.3}% 18
\BOOKMARK [2][-]{subsection.3.4}{From a STIK to a Non-Interactive STARK}{section.3}% 19
\BOOKMARK [3][-]{subsubsection.3.4.1}{Full Protocol Description}{subsection.3.4}% 20
\BOOKMARK [1][-]{appendix.A}{Full Protocol Descriptions}{}% 21
\BOOKMARK [2][-]{subsection.A.1}{FRI}{appendix.A}% 22
\BOOKMARK [2][-]{subsection.A.2}{Vanilla STARK}{appendix.A}% 23
\BOOKMARK [2][-]{subsection.A.3}{eSTARK}{appendix.A}% 24
\BOOKMARK [1][-]{appendix.B}{Code Naming Equivalences}{}% 25
