This is pdfTeX, Version 3.14159265-2.6-1.40.20 (TeX Live 2019/Debian) (preloaded format=pdflatex 2020.6.27)  10 FEB 2023 12:55
entering extended mode
 restricted \write18 enabled.
 %&-line parsing enabled.
**estark.tex
(./estark.tex
LaTeX2e <2020-02-02> patch level 2
L3 programming layer <2020-02-14> (./iacrtrans.cls

 *** LaTeX class for IACR Transactions v0.92 ***

Document Class: iacrtrans 2020/08/24
(/usr/share/texlive/texmf-dist/tex/latex/xkeyval/xkeyval.sty
Package: xkeyval 2014/12/03 v2.7a package option processing (HA)

(/usr/share/texlive/texmf-dist/tex/generic/xkeyval/xkeyval.tex
(/usr/share/texlive/texmf-dist/tex/generic/xkeyval/xkvutils.tex
\XKV@toks=\toks14
\XKV@tempa@toks=\toks15

(/usr/share/texlive/texmf-dist/tex/generic/xkeyval/keyval.tex))
\XKV@depth=\count167
File: xkeyval.tex 2014/12/03 v2.7a key=value parser (HA)
))
(/usr/share/texlive/texmf-dist/tex/latex/base/article.cls
Document Class: article 2019/12/20 v1.4l Standard LaTeX document class
(/usr/share/texlive/texmf-dist/tex/latex/base/size10.clo
File: size10.clo 2019/12/20 v1.4l Standard LaTeX file (size option)
)
\c@part=\count168
\c@section=\count169
\c@subsection=\count170
\c@subsubsection=\count171
\c@paragraph=\count172
\c@subparagraph=\count173
\c@figure=\count174
\c@table=\count175
\abovecaptionskip=\skip47
\belowcaptionskip=\skip48
\bibindent=\dimen134
)
(/usr/share/texlive/texmf-dist/tex/latex/xcolor/xcolor.sty
Package: xcolor 2016/05/11 v2.12 LaTeX color extensions (UK)

(/usr/share/texlive/texmf-dist/tex/latex/graphics-cfg/color.cfg
File: color.cfg 2016/01/02 v1.6 sample color configuration
)
Package xcolor Info: Driver file: pdftex.def on input line 225.

(/usr/share/texlive/texmf-dist/tex/latex/graphics-def/pdftex.def
File: pdftex.def 2018/01/08 v1.0l Graphics/color driver for pdftex
)
Package xcolor Info: Model `cmy' substituted by `cmy0' on input line 1348.
Package xcolor Info: Model `hsb' substituted by `rgb' on input line 1352.
Package xcolor Info: Model `RGB' extended on input line 1364.
Package xcolor Info: Model `HTML' substituted by `rgb' on input line 1366.
Package xcolor Info: Model `Hsb' substituted by `hsb' on input line 1367.
Package xcolor Info: Model `tHsb' substituted by `hsb' on input line 1368.
Package xcolor Info: Model `HSB' substituted by `hsb' on input line 1369.
Package xcolor Info: Model `Gray' substituted by `gray' on input line 1370.
Package xcolor Info: Model `wave' substituted by `hsb' on input line 1371.
)
(/usr/share/texlive/texmf-dist/tex/latex/etoolbox/etoolbox.sty
Package: etoolbox 2019/09/21 v2.5h e-TeX tools for LaTeX (JAW)
\etb@tempcnta=\count176
)
(/usr/share/texlive/texmf-dist/tex/latex/hyperxmp/hyperxmp.sty
Package: hyperxmp 2019/04/05 v4.1 Store hyperref metadata in XMP format

(/usr/share/texlive/texmf-dist/tex/latex/atenddvi/atenddvi.sty
Package: atenddvi 2019-12-11 v1.4 At end DVI hook (HO)

(/usr/share/texlive/texmf-dist/tex/latex/zref/zref-abspage.sty
Package: zref-abspage 2019/11/29 v2.28 Module abspage for zref (HO)

(/usr/share/texlive/texmf-dist/tex/latex/zref/zref-base.sty
Package: zref-base 2019/11/29 v2.28 Module base for zref (HO)

(/usr/share/texlive/texmf-dist/tex/generic/ltxcmds/ltxcmds.sty
Package: ltxcmds 2019/12/15 v1.24 LaTeX kernel commands for general use (HO)
)
(/usr/share/texlive/texmf-dist/tex/generic/infwarerr/infwarerr.sty
Package: infwarerr 2019/12/03 v1.5 Providing info/warning/error messages (HO)
)
(/usr/share/texlive/texmf-dist/tex/generic/kvsetkeys/kvsetkeys.sty
Package: kvsetkeys 2019/12/15 v1.18 Key value parser (HO)
)
(/usr/share/texlive/texmf-dist/tex/generic/kvdefinekeys/kvdefinekeys.sty
Package: kvdefinekeys 2019-12-19 v1.6 Define keys (HO)
)
(/usr/share/texlive/texmf-dist/tex/latex/pdftexcmds/pdftexcmds.sty
Package: pdftexcmds 2019/11/24 v0.31 Utility functions of pdfTeX for LuaTeX (HO
)

(/usr/share/texlive/texmf-dist/tex/generic/iftex/iftex.sty
Package: iftex 2019/11/07 v1.0c TeX engine tests
)
Package pdftexcmds Info: \pdf@primitive is available.
Package pdftexcmds Info: \pdf@ifprimitive is available.
Package pdftexcmds Info: \pdfdraftmode found.
)
(/usr/share/texlive/texmf-dist/tex/generic/etexcmds/etexcmds.sty
Package: etexcmds 2019/12/15 v1.7 Avoid name clashes with e-TeX commands (HO)
)
(/usr/share/texlive/texmf-dist/tex/latex/auxhook/auxhook.sty
Package: auxhook 2019-12-17 v1.6 Hooks for auxiliary files (HO)
)
Package zref Info: New property list: main on input line 763.
Package zref Info: New property: default on input line 764.
Package zref Info: New property: page on input line 765.
)
(/usr/share/texlive/texmf-dist/tex/generic/atbegshi/atbegshi.sty
Package: atbegshi 2019/12/05 v1.19 At begin shipout hook (HO)
)
\c@abspage=\count177
Package zref Info: New property: abspage on input line 66.
)
(/usr/share/texlive/texmf-dist/tex/latex/zref/zref-lastpage.sty
Package: zref-lastpage 2019/11/29 v2.28 Module lastpage for zref (HO)

(/usr/share/texlive/texmf-dist/tex/latex/atveryend/atveryend.sty
Package: atveryend 2019-12-11 v1.11 Hooks at the very end of document (HO)
)
Package zref Info: New property list: LastPage on input line 59.
))
(/usr/share/texlive/texmf-dist/tex/latex/kvoptions/kvoptions.sty
Package: kvoptions 2019/11/29 v3.13 Key value format for package options (HO)
)
(/usr/share/texlive/texmf-dist/tex/generic/pdfescape/pdfescape.sty
Package: pdfescape 2019/12/09 v1.15 Implements pdfTeX's escape features (HO)
)
(/usr/share/texlive/texmf-dist/tex/generic/stringenc/stringenc.sty
Package: stringenc 2019/11/29 v1.12 Convert strings between diff. encodings (HO
)
)
(/usr/share/texlive/texmf-dist/tex/generic/intcalc/intcalc.sty
Package: intcalc 2019/12/15 v1.3 Expandable calculations with integers (HO)
)
(/usr/share/texlive/texmf-dist/tex/generic/iftex/ifxetex.sty
Package: ifxetex 2019/10/25 v0.7 ifxetex legacy package. Use iftex instead.
)
(/usr/share/texlive/texmf-dist/tex/latex/ifmtarg/ifmtarg.sty
Package: ifmtarg 2018/04/16 v1.2b check for an empty argument
)
(/usr/share/texlive/texmf-dist/tex/generic/iftex/ifluatex.sty
Package: ifluatex 2019/10/25 v1.5 ifluatex legacy package. Use iftex instead.
))
(/usr/share/texlive/texmf-dist/tex/latex/geometry/geometry.sty
Package: geometry 2020/01/02 v5.9 Page Geometry

(/usr/share/texlive/texmf-dist/tex/generic/iftex/ifvtex.sty
Package: ifvtex 2019/10/25 v1.7 ifvtex legacy package. Use iftex instead.
)
\Gm@cnth=\count178
\Gm@cntv=\count179
\c@Gm@tempcnt=\count180
\Gm@bindingoffset=\dimen135
\Gm@wd@mp=\dimen136
\Gm@odd@mp=\dimen137
\Gm@even@mp=\dimen138
\Gm@layoutwidth=\dimen139
\Gm@layoutheight=\dimen140
\Gm@layouthoffset=\dimen141
\Gm@layoutvoffset=\dimen142
\Gm@dimlist=\toks16
)
(/usr/share/texlive/texmf-dist/tex/latex/tools/afterpage.sty
Package: afterpage 2014/10/28 v1.08 After-Page Package (DPC)
\AP@output=\toks17
\AP@partial=\box45
\AP@footins=\box46
)
(/usr/share/texlive/texmf-dist/tex/latex/sectsty/sectsty.sty
Package: sectsty 2002/02/25 v2.0.2 Commands to change all sectional heading sty
les


LaTeX Warning: Command \underbar  has changed.
               Check if current package is valid.


LaTeX Warning: Command \underline  has changed.
               Check if current package is valid.

)
\c@IACR@author@cnt=\count181
\c@IACR@inst@cnt=\count182
 (/usr/share/texlive/texmf-dist/tex/latex/fancyhdr/fancyhdr.sty
Package: fancyhdr 2019/01/31 v3.10 Extensive control of page headers and footer
s
\f@nch@headwidth=\skip49
\f@nch@O@elh=\skip50
\f@nch@O@erh=\skip51
\f@nch@O@olh=\skip52
\f@nch@O@orh=\skip53
\f@nch@O@elf=\skip54
\f@nch@O@erf=\skip55
\f@nch@O@olf=\skip56
\f@nch@O@orf=\skip57
)
(/usr/share/texlive/texmf-dist/tex/latex/graphics/graphicx.sty
Package: graphicx 2019/11/30 v1.2a Enhanced LaTeX Graphics (DPC,SPQR)

(/usr/share/texlive/texmf-dist/tex/latex/graphics/graphics.sty
Package: graphics 2019/11/30 v1.4a Standard LaTeX Graphics (DPC,SPQR)

(/usr/share/texlive/texmf-dist/tex/latex/graphics/trig.sty
Package: trig 2016/01/03 v1.10 sin cos tan (DPC)
)
(/usr/share/texlive/texmf-dist/tex/latex/graphics-cfg/graphics.cfg
File: graphics.cfg 2016/06/04 v1.11 sample graphics configuration
)
Package graphics Info: Driver file: pdftex.def on input line 105.
)
\Gin@req@height=\dimen143
\Gin@req@width=\dimen144
)
(/usr/share/texlive/texmf-dist/tex/latex/amsmath/amsmath.sty
Package: amsmath 2020/01/20 v2.17e AMS math features
\@mathmargin=\skip58

For additional information on amsmath, use the `?' option.
(/usr/share/texlive/texmf-dist/tex/latex/amsmath/amstext.sty
Package: amstext 2000/06/29 v2.01 AMS text

(/usr/share/texlive/texmf-dist/tex/latex/amsmath/amsgen.sty
File: amsgen.sty 1999/11/30 v2.0 generic functions
\@emptytoks=\toks18
\ex@=\dimen145
))
(/usr/share/texlive/texmf-dist/tex/latex/amsmath/amsbsy.sty
Package: amsbsy 1999/11/29 v1.2d Bold Symbols
\pmbraise@=\dimen146
)
(/usr/share/texlive/texmf-dist/tex/latex/amsmath/amsopn.sty
Package: amsopn 2016/03/08 v2.02 operator names
)
\inf@bad=\count183
LaTeX Info: Redefining \frac on input line 227.
\uproot@=\count184
\leftroot@=\count185
LaTeX Info: Redefining \overline on input line 389.
\classnum@=\count186
\DOTSCASE@=\count187
LaTeX Info: Redefining \ldots on input line 486.
LaTeX Info: Redefining \dots on input line 489.
LaTeX Info: Redefining \cdots on input line 610.
\Mathstrutbox@=\box47
\strutbox@=\box48
\big@size=\dimen147
LaTeX Font Info:    Redeclaring font encoding OML on input line 733.
LaTeX Font Info:    Redeclaring font encoding OMS on input line 734.
\macc@depth=\count188
\c@MaxMatrixCols=\count189
\dotsspace@=\muskip16
\c@parentequation=\count190
\dspbrk@lvl=\count191
\tag@help=\toks19
\row@=\count192
\column@=\count193
\maxfields@=\count194
\andhelp@=\toks20
\eqnshift@=\dimen148
\alignsep@=\dimen149
\tagshift@=\dimen150
\tagwidth@=\dimen151
\totwidth@=\dimen152
\lineht@=\dimen153
\@envbody=\toks21
\multlinegap=\skip59
\multlinetaggap=\skip60
\mathdisplay@stack=\toks22
LaTeX Info: Redefining \[ on input line 2859.
LaTeX Info: Redefining \] on input line 2860.
)
(/usr/share/texlive/texmf-dist/tex/latex/amsfonts/amssymb.sty
Package: amssymb 2013/01/14 v3.01 AMS font symbols

(/usr/share/texlive/texmf-dist/tex/latex/amsfonts/amsfonts.sty
Package: amsfonts 2013/01/14 v3.01 Basic AMSFonts support
\symAMSa=\mathgroup4
\symAMSb=\mathgroup5
LaTeX Font Info:    Redeclaring math symbol \hbar on input line 98.
LaTeX Font Info:    Overwriting math alphabet `\mathfrak' in version `bold'
(Font)                  U/euf/m/n --> U/euf/b/n on input line 106.
))
(/usr/share/texlive/texmf-dist/tex/latex/amscls/amsthm.sty
Package: amsthm 2017/10/31 v2.20.4
\thm@style=\toks23
\thm@bodyfont=\toks24
\thm@headfont=\toks25
\thm@notefont=\toks26
\thm@headpunct=\toks27
\thm@preskip=\skip61
\thm@postskip=\skip62
\thm@headsep=\skip63
\dth@everypar=\toks28
)
(/usr/share/texlive/texmf-dist/tex/latex/mathtools/mathtools.sty
Package: mathtools 2020/01/17 v1.23 mathematical typesetting tools

(/usr/share/texlive/texmf-dist/tex/latex/tools/calc.sty
Package: calc 2017/05/25 v4.3 Infix arithmetic (KKT,FJ)
\calc@Acount=\count195
\calc@Bcount=\count196
\calc@Adimen=\dimen154
\calc@Bdimen=\dimen155
\calc@Askip=\skip64
\calc@Bskip=\skip65
LaTeX Info: Redefining \setlength on input line 80.
LaTeX Info: Redefining \addtolength on input line 81.
\calc@Ccount=\count197
\calc@Cskip=\skip66
)
(/usr/share/texlive/texmf-dist/tex/latex/mathtools/mhsetup.sty
Package: mhsetup 2017/03/31 v1.3 programming setup (MH)
)
LaTeX Info: Thecontrolsequence`\('isalreadyrobust on input line 129.
LaTeX Info: Thecontrolsequence`\)'isalreadyrobust on input line 129.
LaTeX Info: Thecontrolsequence`\['isalreadyrobust on input line 129.
LaTeX Info: Thecontrolsequence`\]'isalreadyrobust on input line 129.
\g_MT_multlinerow_int=\count198
\l_MT_multwidth_dim=\dimen156
\origjot=\skip67
\l_MT_shortvdotswithinadjustabove_dim=\dimen157
\l_MT_shortvdotswithinadjustbelow_dim=\dimen158
\l_MT_above_intertext_sep=\dimen159
\l_MT_below_intertext_sep=\dimen160
\l_MT_above_shortintertext_sep=\dimen161
\l_MT_below_shortintertext_sep=\dimen162
)
\c@definition=\count199
\c@example=\count266
\c@exercise=\count267
\c@property=\count268
\c@question=\count269
\c@solution=\count270
\c@theorem=\count271
\c@proposition=\count272
\c@problem=\count273
\c@lemma=\count274
\c@conjecture=\count275
\c@corollary=\count276
\c@remark=\count277
\c@note=\count278
\c@case=\count279

(/usr/share/texlive/texmf-dist/tex/latex/float/float.sty
Package: float 2001/11/08 v1.3d Float enhancements (AL)
\c@float@type=\count280
\float@exts=\toks29
\float@box=\box49
\@float@everytoks=\toks30
\@floatcapt=\box50
)
\@float@every@table=\toks31
\@float@every@figure=\toks32

(/usr/share/texlive/texmf-dist/tex/latex/microtype/microtype.sty
Package: microtype 2019/11/18 v2.7d Micro-typographical refinements (RS)
\MT@toks=\toks33
\MT@count=\count281
LaTeX Info: Redefining \textls on input line 790.
\MT@outer@kern=\dimen163
LaTeX Info: Redefining \textmicrotypecontext on input line 1354.
\MT@listname@count=\count282

(/usr/share/texlive/texmf-dist/tex/latex/microtype/microtype-pdftex.def
File: microtype-pdftex.def 2019/11/18 v2.7d Definitions specific to pdftex (RS)

LaTeX Info: Redefining \lsstyle on input line 914.
LaTeX Info: Redefining \lslig on input line 914.
\MT@outer@space=\skip68
)
Package microtype Info: Loading configuration file microtype.cfg.

(/usr/share/texlive/texmf-dist/tex/latex/microtype/microtype.cfg
File: microtype.cfg 2019/11/18 v2.7d microtype main configuration file (RS)
))
(/usr/share/texlive/texmf-dist/tex/latex/base/fontenc.sty
Package: fontenc 2020/02/11 v2.0o Standard LaTeX package
)
(/usr/share/texmf/tex/latex/lm/lmodern.sty
Package: lmodern 2009/10/30 v1.6 Latin Modern Fonts
LaTeX Font Info:    Overwriting symbol font `operators' in version `normal'
(Font)                  OT1/cmr/m/n --> OT1/lmr/m/n on input line 22.
LaTeX Font Info:    Overwriting symbol font `letters' in version `normal'
(Font)                  OML/cmm/m/it --> OML/lmm/m/it on input line 23.
LaTeX Font Info:    Overwriting symbol font `symbols' in version `normal'
(Font)                  OMS/cmsy/m/n --> OMS/lmsy/m/n on input line 24.
LaTeX Font Info:    Overwriting symbol font `largesymbols' in version `normal'
(Font)                  OMX/cmex/m/n --> OMX/lmex/m/n on input line 25.
LaTeX Font Info:    Overwriting symbol font `operators' in version `bold'
(Font)                  OT1/cmr/bx/n --> OT1/lmr/bx/n on input line 26.
LaTeX Font Info:    Overwriting symbol font `letters' in version `bold'
(Font)                  OML/cmm/b/it --> OML/lmm/b/it on input line 27.
LaTeX Font Info:    Overwriting symbol font `symbols' in version `bold'
(Font)                  OMS/cmsy/b/n --> OMS/lmsy/b/n on input line 28.
LaTeX Font Info:    Overwriting symbol font `largesymbols' in version `bold'
(Font)                  OMX/cmex/m/n --> OMX/lmex/m/n on input line 29.
LaTeX Font Info:    Overwriting math alphabet `\mathbf' in version `normal'
(Font)                  OT1/cmr/bx/n --> OT1/lmr/bx/n on input line 31.
LaTeX Font Info:    Overwriting math alphabet `\mathsf' in version `normal'
(Font)                  OT1/cmss/m/n --> OT1/lmss/m/n on input line 32.
LaTeX Font Info:    Overwriting math alphabet `\mathit' in version `normal'
(Font)                  OT1/cmr/m/it --> OT1/lmr/m/it on input line 33.
LaTeX Font Info:    Overwriting math alphabet `\mathtt' in version `normal'
(Font)                  OT1/cmtt/m/n --> OT1/lmtt/m/n on input line 34.
LaTeX Font Info:    Overwriting math alphabet `\mathbf' in version `bold'
(Font)                  OT1/cmr/bx/n --> OT1/lmr/bx/n on input line 35.
LaTeX Font Info:    Overwriting math alphabet `\mathsf' in version `bold'
(Font)                  OT1/cmss/bx/n --> OT1/lmss/bx/n on input line 36.
LaTeX Font Info:    Overwriting math alphabet `\mathit' in version `bold'
(Font)                  OT1/cmr/bx/it --> OT1/lmr/bx/it on input line 37.
LaTeX Font Info:    Overwriting math alphabet `\mathtt' in version `bold'
(Font)                  OT1/cmtt/m/n --> OT1/lmtt/m/n on input line 38.
))
(/usr/share/texlive/texmf-dist/tex/latex/base/inputenc.sty
Package: inputenc 2018/08/11 v1.3c Input encoding file
\inpenc@prehook=\toks34
\inpenc@posthook=\toks35
)
(/usr/share/texlive/texmf-dist/tex/latex/caption/caption.sty
Package: caption 2020/01/03 v3.4h Customizing captions (AR)

(/usr/share/texlive/texmf-dist/tex/latex/caption/caption3.sty
Package: caption3 2020/01/03 v1.8h caption3 kernel (AR)
Package caption3 Info: TeX engine: e-TeX on input line 61.
\captionmargin=\dimen164
\captionmargin@=\dimen165
\captionwidth=\dimen166
\caption@tempdima=\dimen167
\caption@indent=\dimen168
\caption@parindent=\dimen169
\caption@hangindent=\dimen170
Package caption Info: Standard document class detected.
)
\c@caption@flags=\count283
\c@continuedfloat=\count284
Package caption Info: float package is loaded.
)
(/usr/share/texlive/texmf-dist/tex/latex/caption/subcaption.sty
Package: subcaption 2020/01/22 v1.3d Sub-captions (AR)
\c@subfigure=\count285
\c@subtable=\count286
)
(/usr/share/texlive/texmf-dist/tex/latex/hyperref/hyperref.sty
Package: hyperref 2020/01/14 v7.00d Hypertext links for LaTeX

(/usr/share/texlive/texmf-dist/tex/latex/hycolor/hycolor.sty
Package: hycolor 2020-01-27 v1.10 Color options for hyperref/bookmark (HO)
)
(/usr/share/texlive/texmf-dist/tex/latex/letltxmacro/letltxmacro.sty
Package: letltxmacro 2019/12/03 v1.6 Let assignment for LaTeX macros (HO)
)
\@linkdim=\dimen171
\Hy@linkcounter=\count287
\Hy@pagecounter=\count288

(/usr/share/texlive/texmf-dist/tex/latex/hyperref/pd1enc.def
File: pd1enc.def 2020/01/14 v7.00d Hyperref: PDFDocEncoding definition (HO)
Now handling font encoding PD1 ...
... no UTF-8 mapping file for font encoding PD1
)
\Hy@SavedSpaceFactor=\count289
\pdfmajorversion=\count290
Package hyperref Info: Hyper figures OFF on input line 4547.
Package hyperref Info: Link nesting OFF on input line 4552.
Package hyperref Info: Hyper index ON on input line 4555.
Package hyperref Info: Plain pages OFF on input line 4562.
Package hyperref Info: Backreferencing OFF on input line 4567.
Package hyperref Info: Implicit mode ON; LaTeX internals redefined.
Package hyperref Info: Bookmarks ON on input line 4800.
\c@Hy@tempcnt=\count291

(/usr/share/texlive/texmf-dist/tex/latex/url/url.sty
\Urlmuskip=\muskip17
Package: url 2013/09/16  ver 3.4  Verb mode for urls, etc.
)
LaTeX Info: Redefining \url on input line 5159.
\XeTeXLinkMargin=\dimen172

(/usr/share/texlive/texmf-dist/tex/generic/bitset/bitset.sty
Package: bitset 2019/12/09 v1.3 Handle bit-vector datatype (HO)

(/usr/share/texlive/texmf-dist/tex/generic/bigintcalc/bigintcalc.sty
Package: bigintcalc 2019/12/15 v1.5 Expandable calculations on big integers (HO
)
))
\Fld@menulength=\count292
\Field@Width=\dimen173
\Fld@charsize=\dimen174
Package hyperref Info: Hyper figures OFF on input line 6430.
Package hyperref Info: Link nesting OFF on input line 6435.
Package hyperref Info: Hyper index ON on input line 6438.
Package hyperref Info: backreferencing OFF on input line 6445.
Package hyperref Info: Link coloring OFF on input line 6450.
Package hyperref Info: Link coloring with OCG OFF on input line 6455.
Package hyperref Info: PDF/A mode OFF on input line 6460.
LaTeX Info: Redefining \ref on input line 6500.
LaTeX Info: Redefining \pageref on input line 6504.
\Hy@abspage=\count293
\c@Item=\count294
\c@Hfootnote=\count295
)
Package hyperref Info: Driver (autodetected): hpdftex.

(/usr/share/texlive/texmf-dist/tex/latex/hyperref/hpdftex.def
File: hpdftex.def 2020/01/14 v7.00d Hyperref driver for pdfTeX
\HyAnn@Count=\count296
\Fld@listcount=\count297
\c@bookmark@seq@number=\count298

(/usr/share/texlive/texmf-dist/tex/latex/rerunfilecheck/rerunfilecheck.sty
Package: rerunfilecheck 2019/12/05 v1.9 Rerun checks for auxiliary files (HO)

(/usr/share/texlive/texmf-dist/tex/generic/uniquecounter/uniquecounter.sty
Package: uniquecounter 2019/12/15 v1.4 Provide unlimited unique counter (HO)
)
Package uniquecounter Info: New unique counter `rerunfilecheck' on input line 2
86.
)
\Hy@SectionHShift=\skip69
)
Package hyperref Info: Option `colorlinks' set `true' on input line 39.

(/usr/share/texlive/texmf-dist/tex/latex/tools/multicol.sty
Package: multicol 2019/12/09 v1.8y multicolumn formatting (FMi)
\c@tracingmulticols=\count299
\mult@box=\box51
\multicol@leftmargin=\dimen175
\c@unbalance=\count300
\c@collectmore=\count301
\doublecol@number=\count302
\multicoltolerance=\count303
\multicolpretolerance=\count304
\full@width=\dimen176
\page@free=\dimen177
\premulticols=\dimen178
\postmulticols=\dimen179
\multicolsep=\skip70
\multicolbaselineskip=\skip71
\partial@page=\box52
\last@line=\box53
\maxbalancingoverflow=\dimen180
\mult@rightbox=\box54
\mult@grightbox=\box55
\mult@gfirstbox=\box56
\mult@firstbox=\box57
\@tempa=\box58
\@tempa=\box59
\@tempa=\box60
\@tempa=\box61
\@tempa=\box62
\@tempa=\box63
\@tempa=\box64
\@tempa=\box65
\@tempa=\box66
\@tempa=\box67
\@tempa=\box68
\@tempa=\box69
\@tempa=\box70
\@tempa=\box71
\@tempa=\box72
\@tempa=\box73
\@tempa=\box74
\@tempa=\box75
\@tempa=\box76
\@tempa=\box77
\@tempa=\box78
\@tempa=\box79
\@tempa=\box80
\@tempa=\box81
\@tempa=\box82
\@tempa=\box83
\@tempa=\box84
\@tempa=\box85
\@tempa=\box86
\@tempa=\box87
\@tempa=\box88
\@tempa=\box89
\@tempa=\box90
\@tempa=\box91
\@tempa=\box92
\@tempa=\box93
\@tempa=\box94
\c@minrows=\count305
\c@columnbadness=\count306
\c@finalcolumnbadness=\count307
\last@try=\dimen181
\multicolovershoot=\dimen182
\multicolundershoot=\dimen183
\mult@nat@firstbox=\box95
\colbreak@box=\box96
\mc@col@check@num=\count308
)
(/usr/share/texlive/texmf-dist/tex/latex/jknapltx/mathrsfs.sty
Package: mathrsfs 1996/01/01 Math RSFS package v1.0 (jk)
\symrsfs=\mathgroup6
)
(/usr/share/texlive/texmf-dist/tex/latex/tools/xspace.sty
Package: xspace 2014/10/28 v1.13 Space after command names (DPC,MH)
)
(/usr/share/texlive/texmf-dist/tex/latex/listings/listings.sty
\lst@mode=\count309
\lst@gtempboxa=\box97
\lst@token=\toks36
\lst@length=\count310
\lst@currlwidth=\dimen184
\lst@column=\count311
\lst@pos=\count312
\lst@lostspace=\dimen185
\lst@width=\dimen186
\lst@newlines=\count313
\lst@lineno=\count314
\lst@maxwidth=\dimen187

(/usr/share/texlive/texmf-dist/tex/latex/listings/lstmisc.sty
File: lstmisc.sty 2019/09/10 1.8c (Carsten Heinz)
\c@lstnumber=\count315
\lst@skipnumbers=\count316
\lst@framebox=\box98
)
(/usr/share/texlive/texmf-dist/tex/latex/listings/listings.cfg
File: listings.cfg 2019/09/10 1.8c listings configuration
))
Package: listings 2019/09/10 1.8c (Carsten Heinz)

(/usr/share/texlive/texmf-dist/tex/latex/listings/lstlang1.sty
File: lstlang1.sty 2019/09/10 1.8c listings language file
)
(/usr/share/texlive/texmf-dist/tex/latex/listings/lstmisc.sty
File: lstmisc.sty 2019/09/10 1.8c (Carsten Heinz)
)
(/usr/share/texlive/texmf-dist/tex/latex/cryptocode/cryptocode.sty
Package: cryptocode 2020/07/10 v0.40 Cryptocode LaTeX package for typesetting p
seudocode, algorithms and protocols as well as cryptographic proofs.

(/usr/share/texlive/texmf-dist/tex/latex/etex-pkg/etex.sty
Package: etex 2016/08/01 v2.7 eTeX basic definition package (PEB,DPC)


Package etex Warning: Extended allocation already in use.
(etex)                etex.sty code will not be used.
(etex)                To force etex package to load, add
(etex)                \RequirePackage{etex}
(etex)                at the start of the document.

) (/usr/share/texlive/texmf-dist/tex/latex/oberdiek/centernot.sty
Package: centernot 2016/05/16 v1.4 Centers the not symbol horizontally (HO)
)
(/usr/share/texlive/texmf-dist/tex/latex/pgf/frontendlayer/tikz.sty
(/usr/share/texlive/texmf-dist/tex/latex/pgf/basiclayer/pgf.sty
(/usr/share/texlive/texmf-dist/tex/latex/pgf/utilities/pgfrcs.sty
(/usr/share/texlive/texmf-dist/tex/generic/pgf/utilities/pgfutil-common.tex
\pgfutil@everybye=\toks37
\pgfutil@tempdima=\dimen188
\pgfutil@tempdimb=\dimen189

(/usr/share/texlive/texmf-dist/tex/generic/pgf/utilities/pgfutil-common-lists.t
ex)) (/usr/share/texlive/texmf-dist/tex/generic/pgf/utilities/pgfutil-latex.def
\pgfutil@abb=\box99
(/usr/share/texlive/texmf-dist/tex/latex/ms/everyshi.sty
Package: everyshi 2001/05/15 v3.00 EveryShipout Package (MS)
))
(/usr/share/texlive/texmf-dist/tex/generic/pgf/utilities/pgfrcs.code.tex
(/usr/share/texlive/texmf-dist/tex/generic/pgf/pgf.revision.tex)
Package: pgfrcs 2020/01/08 v3.1.5b (3.1.5b)
))
Package: pgf 2020/01/08 v3.1.5b (3.1.5b)

(/usr/share/texlive/texmf-dist/tex/latex/pgf/basiclayer/pgfcore.sty
(/usr/share/texlive/texmf-dist/tex/latex/pgf/systemlayer/pgfsys.sty
(/usr/share/texlive/texmf-dist/tex/generic/pgf/systemlayer/pgfsys.code.tex
Package: pgfsys 2020/01/08 v3.1.5b (3.1.5b)

(/usr/share/texlive/texmf-dist/tex/generic/pgf/utilities/pgfkeys.code.tex
\pgfkeys@pathtoks=\toks38
\pgfkeys@temptoks=\toks39

(/usr/share/texlive/texmf-dist/tex/generic/pgf/utilities/pgfkeysfiltered.code.t
ex
\pgfkeys@tmptoks=\toks40
))
\pgf@x=\dimen190
\pgf@y=\dimen191
\pgf@xa=\dimen192
\pgf@ya=\dimen193
\pgf@xb=\dimen194
\pgf@yb=\dimen195
\pgf@xc=\dimen196
\pgf@yc=\dimen197
\pgf@xd=\dimen198
\pgf@yd=\dimen199
\w@pgf@writea=\write3
\r@pgf@reada=\read2
\c@pgf@counta=\count317
\c@pgf@countb=\count318
\c@pgf@countc=\count319
\c@pgf@countd=\count320
\t@pgf@toka=\toks41
\t@pgf@tokb=\toks42
\t@pgf@tokc=\toks43
\pgf@sys@id@count=\count321
 (/usr/share/texlive/texmf-dist/tex/generic/pgf/systemlayer/pgf.cfg
File: pgf.cfg 2020/01/08 v3.1.5b (3.1.5b)
)
Driver file for pgf: pgfsys-pdftex.def

(/usr/share/texlive/texmf-dist/tex/generic/pgf/systemlayer/pgfsys-pdftex.def
File: pgfsys-pdftex.def 2020/01/08 v3.1.5b (3.1.5b)

(/usr/share/texlive/texmf-dist/tex/generic/pgf/systemlayer/pgfsys-common-pdf.de
f
File: pgfsys-common-pdf.def 2020/01/08 v3.1.5b (3.1.5b)
)))
(/usr/share/texlive/texmf-dist/tex/generic/pgf/systemlayer/pgfsyssoftpath.code.
tex
File: pgfsyssoftpath.code.tex 2020/01/08 v3.1.5b (3.1.5b)
\pgfsyssoftpath@smallbuffer@items=\count322
\pgfsyssoftpath@bigbuffer@items=\count323
)
(/usr/share/texlive/texmf-dist/tex/generic/pgf/systemlayer/pgfsysprotocol.code.
tex
File: pgfsysprotocol.code.tex 2020/01/08 v3.1.5b (3.1.5b)
))
(/usr/share/texlive/texmf-dist/tex/generic/pgf/basiclayer/pgfcore.code.tex
Package: pgfcore 2020/01/08 v3.1.5b (3.1.5b)

(/usr/share/texlive/texmf-dist/tex/generic/pgf/math/pgfmath.code.tex
(/usr/share/texlive/texmf-dist/tex/generic/pgf/math/pgfmathcalc.code.tex
(/usr/share/texlive/texmf-dist/tex/generic/pgf/math/pgfmathutil.code.tex)
(/usr/share/texlive/texmf-dist/tex/generic/pgf/math/pgfmathparser.code.tex
\pgfmath@dimen=\dimen256
\pgfmath@count=\count324
\pgfmath@box=\box100
\pgfmath@toks=\toks44
\pgfmath@stack@operand=\toks45
\pgfmath@stack@operation=\toks46
)
(/usr/share/texlive/texmf-dist/tex/generic/pgf/math/pgfmathfunctions.code.tex
(/usr/share/texlive/texmf-dist/tex/generic/pgf/math/pgfmathfunctions.basic.code
.tex)
(/usr/share/texlive/texmf-dist/tex/generic/pgf/math/pgfmathfunctions.trigonomet
ric.code.tex)
(/usr/share/texlive/texmf-dist/tex/generic/pgf/math/pgfmathfunctions.random.cod
e.tex)
(/usr/share/texlive/texmf-dist/tex/generic/pgf/math/pgfmathfunctions.comparison
.code.tex)
(/usr/share/texlive/texmf-dist/tex/generic/pgf/math/pgfmathfunctions.base.code.
tex)
(/usr/share/texlive/texmf-dist/tex/generic/pgf/math/pgfmathfunctions.round.code
.tex)
(/usr/share/texlive/texmf-dist/tex/generic/pgf/math/pgfmathfunctions.misc.code.
tex)
(/usr/share/texlive/texmf-dist/tex/generic/pgf/math/pgfmathfunctions.integerari
thmetics.code.tex)))
(/usr/share/texlive/texmf-dist/tex/generic/pgf/math/pgfmathfloat.code.tex
\c@pgfmathroundto@lastzeros=\count325
))
(/usr/share/texlive/texmf-dist/tex/generic/pgf/math/pgfint.code.tex)
(/usr/share/texlive/texmf-dist/tex/generic/pgf/basiclayer/pgfcorepoints.code.te
x
File: pgfcorepoints.code.tex 2020/01/08 v3.1.5b (3.1.5b)
\pgf@picminx=\dimen257
\pgf@picmaxx=\dimen258
\pgf@picminy=\dimen259
\pgf@picmaxy=\dimen260
\pgf@pathminx=\dimen261
\pgf@pathmaxx=\dimen262
\pgf@pathminy=\dimen263
\pgf@pathmaxy=\dimen264
\pgf@xx=\dimen265
\pgf@xy=\dimen266
\pgf@yx=\dimen267
\pgf@yy=\dimen268
\pgf@zx=\dimen269
\pgf@zy=\dimen270
)
(/usr/share/texlive/texmf-dist/tex/generic/pgf/basiclayer/pgfcorepathconstruct.
code.tex
File: pgfcorepathconstruct.code.tex 2020/01/08 v3.1.5b (3.1.5b)
\pgf@path@lastx=\dimen271
\pgf@path@lasty=\dimen272
)
(/usr/share/texlive/texmf-dist/tex/generic/pgf/basiclayer/pgfcorepathusage.code
.tex
File: pgfcorepathusage.code.tex 2020/01/08 v3.1.5b (3.1.5b)
\pgf@shorten@end@additional=\dimen273
\pgf@shorten@start@additional=\dimen274
)
(/usr/share/texlive/texmf-dist/tex/generic/pgf/basiclayer/pgfcorescopes.code.te
x
File: pgfcorescopes.code.tex 2020/01/08 v3.1.5b (3.1.5b)
\pgfpic=\box101
\pgf@hbox=\box102
\pgf@layerbox@main=\box103
\pgf@picture@serial@count=\count326
)
(/usr/share/texlive/texmf-dist/tex/generic/pgf/basiclayer/pgfcoregraphicstate.c
ode.tex
File: pgfcoregraphicstate.code.tex 2020/01/08 v3.1.5b (3.1.5b)
\pgflinewidth=\dimen275
)
(/usr/share/texlive/texmf-dist/tex/generic/pgf/basiclayer/pgfcoretransformation
s.code.tex
File: pgfcoretransformations.code.tex 2020/01/08 v3.1.5b (3.1.5b)
\pgf@pt@x=\dimen276
\pgf@pt@y=\dimen277
\pgf@pt@temp=\dimen278
)
(/usr/share/texlive/texmf-dist/tex/generic/pgf/basiclayer/pgfcorequick.code.tex
File: pgfcorequick.code.tex 2020/01/08 v3.1.5b (3.1.5b)
)
(/usr/share/texlive/texmf-dist/tex/generic/pgf/basiclayer/pgfcoreobjects.code.t
ex
File: pgfcoreobjects.code.tex 2020/01/08 v3.1.5b (3.1.5b)
)
(/usr/share/texlive/texmf-dist/tex/generic/pgf/basiclayer/pgfcorepathprocessing
.code.tex
File: pgfcorepathprocessing.code.tex 2020/01/08 v3.1.5b (3.1.5b)
)
(/usr/share/texlive/texmf-dist/tex/generic/pgf/basiclayer/pgfcorearrows.code.te
x
File: pgfcorearrows.code.tex 2020/01/08 v3.1.5b (3.1.5b)
\pgfarrowsep=\dimen279
)
(/usr/share/texlive/texmf-dist/tex/generic/pgf/basiclayer/pgfcoreshade.code.tex
File: pgfcoreshade.code.tex 2020/01/08 v3.1.5b (3.1.5b)
\pgf@max=\dimen280
\pgf@sys@shading@range@num=\count327
\pgf@shadingcount=\count328
)
(/usr/share/texlive/texmf-dist/tex/generic/pgf/basiclayer/pgfcoreimage.code.tex
File: pgfcoreimage.code.tex 2020/01/08 v3.1.5b (3.1.5b)

(/usr/share/texlive/texmf-dist/tex/generic/pgf/basiclayer/pgfcoreexternal.code.
tex
File: pgfcoreexternal.code.tex 2020/01/08 v3.1.5b (3.1.5b)
\pgfexternal@startupbox=\box104
))
(/usr/share/texlive/texmf-dist/tex/generic/pgf/basiclayer/pgfcorelayers.code.te
x
File: pgfcorelayers.code.tex 2020/01/08 v3.1.5b (3.1.5b)
)
(/usr/share/texlive/texmf-dist/tex/generic/pgf/basiclayer/pgfcoretransparency.c
ode.tex
File: pgfcoretransparency.code.tex 2020/01/08 v3.1.5b (3.1.5b)
)
(/usr/share/texlive/texmf-dist/tex/generic/pgf/basiclayer/pgfcorepatterns.code.
tex
File: pgfcorepatterns.code.tex 2020/01/08 v3.1.5b (3.1.5b)
)
(/usr/share/texlive/texmf-dist/tex/generic/pgf/basiclayer/pgfcorerdf.code.tex
File: pgfcorerdf.code.tex 2020/01/08 v3.1.5b (3.1.5b)
)))
(/usr/share/texlive/texmf-dist/tex/generic/pgf/modules/pgfmoduleshapes.code.tex
File: pgfmoduleshapes.code.tex 2020/01/08 v3.1.5b (3.1.5b)
\pgfnodeparttextbox=\box105
) (/usr/share/texlive/texmf-dist/tex/generic/pgf/modules/pgfmoduleplot.code.tex
File: pgfmoduleplot.code.tex 2020/01/08 v3.1.5b (3.1.5b)
)
(/usr/share/texlive/texmf-dist/tex/latex/pgf/compatibility/pgfcomp-version-0-65
.sty
Package: pgfcomp-version-0-65 2020/01/08 v3.1.5b (3.1.5b)
\pgf@nodesepstart=\dimen281
\pgf@nodesepend=\dimen282
)
(/usr/share/texlive/texmf-dist/tex/latex/pgf/compatibility/pgfcomp-version-1-18
.sty
Package: pgfcomp-version-1-18 2020/01/08 v3.1.5b (3.1.5b)
)) (/usr/share/texlive/texmf-dist/tex/latex/pgf/utilities/pgffor.sty
(/usr/share/texlive/texmf-dist/tex/latex/pgf/utilities/pgfkeys.sty
(/usr/share/texlive/texmf-dist/tex/generic/pgf/utilities/pgfkeys.code.tex))
(/usr/share/texlive/texmf-dist/tex/latex/pgf/math/pgfmath.sty
(/usr/share/texlive/texmf-dist/tex/generic/pgf/math/pgfmath.code.tex))
(/usr/share/texlive/texmf-dist/tex/generic/pgf/utilities/pgffor.code.tex
Package: pgffor 2020/01/08 v3.1.5b (3.1.5b)

(/usr/share/texlive/texmf-dist/tex/generic/pgf/math/pgfmath.code.tex)
\pgffor@iter=\dimen283
\pgffor@skip=\dimen284
\pgffor@stack=\toks47
\pgffor@toks=\toks48
))
(/usr/share/texlive/texmf-dist/tex/generic/pgf/frontendlayer/tikz/tikz.code.tex
Package: tikz 2020/01/08 v3.1.5b (3.1.5b)

(/usr/share/texlive/texmf-dist/tex/generic/pgf/libraries/pgflibraryplothandlers
.code.tex
File: pgflibraryplothandlers.code.tex 2020/01/08 v3.1.5b (3.1.5b)
\pgf@plot@mark@count=\count329
\pgfplotmarksize=\dimen285
)
\tikz@lastx=\dimen286
\tikz@lasty=\dimen287
\tikz@lastxsaved=\dimen288
\tikz@lastysaved=\dimen289
\tikz@lastmovetox=\dimen290
\tikz@lastmovetoy=\dimen291
\tikzleveldistance=\dimen292
\tikzsiblingdistance=\dimen293
\tikz@figbox=\box106
\tikz@figbox@bg=\box107
\tikz@tempbox=\box108
\tikz@tempbox@bg=\box109
\tikztreelevel=\count330
\tikznumberofchildren=\count331
\tikznumberofcurrentchild=\count332
\tikz@fig@count=\count333

(/usr/share/texlive/texmf-dist/tex/generic/pgf/modules/pgfmodulematrix.code.tex
File: pgfmodulematrix.code.tex 2020/01/08 v3.1.5b (3.1.5b)
\pgfmatrixcurrentrow=\count334
\pgfmatrixcurrentcolumn=\count335
\pgf@matrix@numberofcolumns=\count336
)
\tikz@expandcount=\count337

(/usr/share/texlive/texmf-dist/tex/generic/pgf/frontendlayer/tikz/libraries/tik
zlibrarytopaths.code.tex
File: tikzlibrarytopaths.code.tex 2020/01/08 v3.1.5b (3.1.5b)
)))
(/usr/share/texlive/texmf-dist/tex/generic/pgf/frontendlayer/tikz/libraries/tik
zlibrarypositioning.code.tex
File: tikzlibrarypositioning.code.tex 2020/01/08 v3.1.5b (3.1.5b)
)
(/usr/share/texlive/texmf-dist/tex/generic/pgf/frontendlayer/tikz/libraries/tik
zlibrarycalc.code.tex
File: tikzlibrarycalc.code.tex 2020/01/08 v3.1.5b (3.1.5b)
) (/usr/share/texlive/texmf-dist/tex/latex/base/ifthen.sty
Package: ifthen 2014/09/29 v1.1c Standard LaTeX ifthen package (DPC)
) (/usr/share/texlive/texmf-dist/tex/latex/xargs/xargs.sty
Package: xargs 2008/03/22 v1.1  extended macro definitions  (mpg)
\xargs@max=\count338
\xargs@toksa=\toks49
\xargs@toksb=\toks50
)
(/usr/share/texlive/texmf-dist/tex/latex/forloop/forloop.sty
Package: forloop 2006/09/18 v3.0 For Loops for LaTeX
)
(/usr/share/texlive/texmf-dist/tex/latex/tools/array.sty
Package: array 2019/08/31 v2.4l Tabular extension package (FMi)
\col@sep=\dimen294
\ar@mcellbox=\box110
\extrarowheight=\dimen295
\NC@list=\toks51
\extratabsurround=\skip72
\backup@length=\skip73
\ar@cellbox=\box111
)
(/usr/share/texlive/texmf-dist/tex/latex/l3packages/xparse/xparse.sty
(/usr/share/texlive/texmf-dist/tex/latex/l3kernel/expl3.sty
Package: expl3 2020-02-14 L3 programming layer (loader) 

(/usr/share/texlive/texmf-dist/tex/latex/l3backend/l3backend-pdfmode.def
File: l3backend-pdfmode.def 2020-02-03 L3 backend support: PDF mode
\l__kernel_color_stack_int=\count339
\l__pdf_internal_box=\box112
))
Package: xparse 2020-02-14 L3 Experimental document command parser
\l__xparse_current_arg_int=\count340
\g__xparse_grabber_int=\count341
\l__xparse_m_args_int=\count342
\l__xparse_v_nesting_int=\count343
)
(/usr/share/texlive/texmf-dist/tex/latex/pbox/pbox.sty
Package: pbox 2011/12/07 v1.2 Dynamic parboxes
\pb@xlen=\skip74
)
(/usr/share/texlive/texmf-dist/tex/latex/varwidth/varwidth.sty
Package: varwidth 2009/03/30 ver 0.92;  Variable-width minipages
\@vwid@box=\box113
\sift@deathcycles=\count344
\@vwid@loff=\dimen296
\@vwid@roff=\dimen297
)
(/usr/share/texlive/texmf-dist/tex/latex/bigfoot/suffix.sty
Package: suffix 2006/07/15 1.5a Variant command support
)
(/usr/share/texlive/texmf-dist/tex/latex/environ/environ.sty
Package: environ 2014/05/04 v0.3 A new way to define environments

(/usr/share/texlive/texmf-dist/tex/latex/trimspaces/trimspaces.sty
Package: trimspaces 2009/09/17 v1.1 Trim spaces around a token list
))
\pcaboveskip=\skip75
\pcbelowskip=\skip76
\pcbeforeskip=\skip77
\pcafterskip=\skip78
\c@@pc@global@pc@cnt=\count345
\c@@pc@global@pc@nestcnt=\count346
\c@@pc@stackdepth=\count347
\@pc@stackspace@len=\skip79
\pcbeforehstackskip=\skip80
\pcafterhstackskip=\skip81
\@pc@stackcontentbox=\box114
\@pc@minipage@length=\skip82
\@pc@alt@minipage@length=\skip83
\@pc@length@tmp@width@vstack=\skip84
\@pseudocodecodeminlineheight@len=\skip85
\@pcindentwidth=\skip86
\c@pclinenumber=\count348
\c@Hpclinenumber=\count349
\c@@pclinenumber=\count350
\c@H@pclinenumber=\count351
\c@@pclinenumbertmp=\count352
\c@pcgamecounter=\count353
\c@Hpcgamecounter=\count354
\c@pcrlinenumber=\count355
\c@Hpcrlinenumber=\count356
\c@@pcrlinenumbertmp=\count357
\pcheadlinesep=\skip87
\pcbodylinesep=\skip88
\@pseudocodeheadheight@len=\skip89
\pcheadheight=\skip90
\c@@pc@indentationlevel=\count358
\c@pccolumncounter=\count359
\c@@pcsubprogcnt1=\count360
\c@@pcrsubprogcnt1=\count361
\c@@pcsubprogcnt2=\count362
\c@@pcrsubprogcnt2=\count363
\c@@pcsubprogcnt3=\count364
\c@@pcrsubprogcnt3=\count365
\c@@pcsubprogcnt4=\count366
\c@@pcrsubprogcnt4=\count367
\c@@pcsubprogcnt5=\count368
\c@@pcrsubprogcnt5=\count369
\c@@pcsubprogcnt6=\count370
\c@@pcrsubprogcnt6=\count371
\c@@pcsubprogcnt7=\count372
\c@@pcrsubprogcnt7=\count373
\c@@pcsubprogcnt8=\count374
\c@@pcrsubprogcnt8=\count375
\c@@pcsubprogcnt9=\count376
\c@@pcrsubprogcnt9=\count377
\c@@pcsubprogstep=\count378
\pcmessagearrow=\skip91
\c@@pc@remember=\count379
\@bb@message@voffset=\skip92
\@bb@query@voffset=\skip93
\@bb@oraclequery@voffset=\skip94
\@bb@challengerquery@voffset=\skip95
\c@@bb@oracle@cnt=\count380
\c@@bb@oracle@nestcnt=\count381
\c@@bb@challenger@cnt=\count382
\c@@bb@challenger@nestcnt=\count383
\c@@bb@env@nestcnt=\count384
\@bb@com@tmpoffset=\skip96
\@bb@tmplength@b=\skip97
\c@pcstartgamecounter=\count385
)
\c@protocol=\count386
\c@bremark=\count387
Package hyperref Info: Option `colorlinks' set `true' on input line 252.

(./estark.aux

LaTeX Warning: Label `fig:STARK1' multiply defined.

)
\openout1 = `estark.aux'.

LaTeX Font Info:    Checking defaults for OML/cmm/m/it on input line 252.
LaTeX Font Info:    ... okay on input line 252.
LaTeX Font Info:    Checking defaults for OMS/cmsy/m/n on input line 252.
LaTeX Font Info:    ... okay on input line 252.
LaTeX Font Info:    Checking defaults for OT1/cmr/m/n on input line 252.
LaTeX Font Info:    ... okay on input line 252.
LaTeX Font Info:    Checking defaults for T1/cmr/m/n on input line 252.
LaTeX Font Info:    ... okay on input line 252.
LaTeX Font Info:    Checking defaults for TS1/cmr/m/n on input line 252.
LaTeX Font Info:    ... okay on input line 252.
LaTeX Font Info:    Checking defaults for OMX/cmex/m/n on input line 252.
LaTeX Font Info:    ... okay on input line 252.
LaTeX Font Info:    Checking defaults for U/cmr/m/n on input line 252.
LaTeX Font Info:    ... okay on input line 252.
LaTeX Font Info:    Checking defaults for PD1/pdf/m/n on input line 252.
LaTeX Font Info:    ... okay on input line 252.
LaTeX Font Info:    Trying to load font information for T1+lmr on input line 25
2.
 (/usr/share/texmf/tex/latex/lm/t1lmr.fd
File: t1lmr.fd 2009/10/30 v1.6 Font defs for Latin Modern
)
(/usr/share/texlive/texmf-dist/tex/context/base/mkii/supp-pdf.mkii
[Loading MPS to PDF converter (version 2006.09.02).]
\scratchcounter=\count388
\scratchdimen=\dimen298
\scratchbox=\box115
\nofMPsegments=\count389
\nofMParguments=\count390
\everyMPshowfont=\toks52
\MPscratchCnt=\count391
\MPscratchDim=\dimen299
\MPnumerator=\count392
\makeMPintoPDFobject=\count393
\everyMPtoPDFconversion=\toks53
) (/usr/share/texlive/texmf-dist/tex/latex/epstopdf-pkg/epstopdf-base.sty
Package: epstopdf-base 2020-01-24 v2.11 Base part for package epstopdf
Package epstopdf-base Info: Redefining graphics rule for `.eps' on input line 4
85.

(/usr/share/texlive/texmf-dist/tex/latex/latexconfig/epstopdf-sys.cfg
File: epstopdf-sys.cfg 2010/07/13 v1.3 Configuration of (r)epstopdf for TeX Liv
e
))
\AtBeginShipoutBox=\box116

(/usr/share/texlive/texmf-dist/tex/generic/stringenc/se-pdfdoc.def
File: se-pdfdoc.def 2019/11/29 v1.12 stringenc: PDFDocEncoding
)
(/usr/share/texlive/texmf-dist/tex/generic/stringenc/se-utf8.def
File: se-utf8.def 2019/11/29 v1.12 stringenc: UTF-8
)

Package hyperref Warning: Token not allowed in a PDF string (PDFDocEncoding):
(hyperref)                removing `\includegraphics' on input line 252.


Package hyperref Warning: Token not allowed in a PDF string (PDFDocEncoding):
(hyperref)                removing `\columnwidth' on input line 252.


Package hyperref Warning: Token not allowed in a PDF string (PDFDocEncoding):
(hyperref)                removing `subscript' on input line 252.


Package hyperref Warning: Token not allowed in a PDF string (PDFDocEncoding):
(hyperref)                removing `\\' on input line 252.


Package hyperref Warning: Token not allowed in a PDF string (PDFDocEncoding):
(hyperref)                removing `\new@ifnextchar' on input line 252.


Package hyperref Warning: Token not allowed in a PDF string (PDFDocEncoding):
(hyperref)                removing `\\' on input line 252.


Package hyperref Warning: Token not allowed in a PDF string (PDFDocEncoding):
(hyperref)                removing `\new@ifnextchar' on input line 252.


Package hyperref Warning: Token not allowed in a PDF string (PDFDocEncoding):
(hyperref)                removing `\\' on input line 252.


Package hyperref Warning: Token not allowed in a PDF string (PDFDocEncoding):
(hyperref)                removing `\new@ifnextchar' on input line 252.

*geometry* driver: auto-detecting
*geometry* detected driver: pdftex
*geometry* verbose mode - [ preamble ] result:
* driver: pdftex
* paper: a4paper
* layout: <same size as paper>
* layoutoffset:(h,v)=(0.0pt,0.0pt)
* hratio: 1:1
* vratio: 1:1
* modes: twoside 
* h-part:(L,W,R)=(104.5657pt, 388.37646pt, 104.5657pt)
* v-part:(T,H,B)=(105.63086pt, 633.78513pt, 105.63086pt)
* \paperwidth=597.50787pt
* \paperheight=845.04684pt
* \textwidth=388.37646pt
* \textheight=633.78513pt
* \oddsidemargin=32.29572pt
* \evensidemargin=32.29572pt
* \topmargin=-3.63913pt
* \headheight=12.0pt
* \headsep=25.0pt
* \topskip=10.0pt
* \footskip=30.0pt
* \marginparwidth=76.82234pt
* \marginparsep=11.0pt
* \columnsep=10.0pt
* \skip\footins=9.0pt plus 4.0pt minus 2.0pt
* \hoffset=0.0pt
* \voffset=0.0pt
* \mag=1000
* \@twocolumnfalse
* \@twosidetrue
* \@mparswitchtrue
* \@reversemarginfalse
* (1in=72.27pt=25.4mm, 1cm=28.453pt)

LaTeX Info: Redefining \microtypecontext on input line 252.
Package microtype Info: Generating PDF output.
Package microtype Info: Character protrusion enabled (level 2).
Package microtype Info: Using default protrusion set `alltext'.
Package microtype Info: Automatic font expansion enabled (level 2),
(microtype)             stretch: 20, shrink: 20, step: 1, non-selected.
Package microtype Info: Using default expansion set `basictext'.
LaTeX Info: Redefining \showhyphens on input line 252.
Package microtype Info: No adjustment of tracking.
Package microtype Info: No adjustment of interword spacing.
Package microtype Info: No adjustment of character kerning.
(/usr/share/texlive/texmf-dist/tex/latex/microtype/mt-cmr.cfg
File: mt-cmr.cfg 2013/05/19 v2.2 microtype config. file: Computer Modern Roman 
(RS)
)
Package caption Info: Begin \AtBeginDocument code.
Package caption Info: hyperref package is loaded.
Package caption Info: listings package is loaded.
Package caption Info: End \AtBeginDocument code.
Package hyperref Info: Link coloring ON on input line 252.

(/usr/share/texlive/texmf-dist/tex/latex/hyperref/nameref.sty
Package: nameref 2019/09/16 v2.46 Cross-referencing by name of section

(/usr/share/texlive/texmf-dist/tex/latex/refcount/refcount.sty
Package: refcount 2019/12/15 v3.6 Data extraction from label references (HO)
)
(/usr/share/texlive/texmf-dist/tex/generic/gettitlestring/gettitlestring.sty
Package: gettitlestring 2019/12/15 v1.6 Cleanup title references (HO)
)
\c@section@level=\count394
)
LaTeX Info: Redefining \ref on input line 252.
LaTeX Info: Redefining \pageref on input line 252.
LaTeX Info: Redefining \nameref on input line 252.

(./estark.out) (./estark.out)
\@outlinefile=\write4
\openout4 = `estark.out'.

\c@lstlisting=\count395
 ABD: EveryShipout initializing macros

LaTeX Warning: No \author given.

LaTeX Font Info:    Trying to load font information for T1+lmss on input line 2
57.
(/usr/share/texmf/tex/latex/lm/t1lmss.fd
File: t1lmss.fd 2009/10/30 v1.6 Font defs for Latin Modern
)
Package microtype Info: Loading generic protrusion settings for font family
(microtype)             `lmss' (encoding: T1).
(microtype)             For optimal results, create family-specific settings.
(microtype)             See the microtype manual for details.
<logo_zkEVM.png, id=107, 2055.68pt x 364.36125pt>
File: logo_zkEVM.png Graphic file (type png)
<use logo_zkEVM.png>
Package pdftex.def Info: logo_zkEVM.png  used on input line 257.
(pdftex.def)             Requested size: 388.37646pt x 68.83461pt.
LaTeX Font Info:    Trying to load font information for OT1+lmr on input line 2
57.

(/usr/share/texmf/tex/latex/lm/ot1lmr.fd
File: ot1lmr.fd 2009/10/30 v1.6 Font defs for Latin Modern
)
LaTeX Font Info:    Trying to load font information for OML+lmm on input line 2
57.

(/usr/share/texmf/tex/latex/lm/omllmm.fd
File: omllmm.fd 2009/10/30 v1.6 Font defs for Latin Modern
)
LaTeX Font Info:    Trying to load font information for OMS+lmsy on input line 
257.

(/usr/share/texmf/tex/latex/lm/omslmsy.fd
File: omslmsy.fd 2009/10/30 v1.6 Font defs for Latin Modern
)
LaTeX Font Info:    Trying to load font information for OMX+lmex on input line 
257.

(/usr/share/texmf/tex/latex/lm/omxlmex.fd
File: omxlmex.fd 2009/10/30 v1.6 Font defs for Latin Modern
)
LaTeX Font Info:    External font `lmex10' loaded for size
(Font)              <10> on input line 257.
LaTeX Font Info:    External font `lmex10' loaded for size
(Font)              <7> on input line 257.
LaTeX Font Info:    External font `lmex10' loaded for size
(Font)              <5> on input line 257.
LaTeX Font Info:    Trying to load font information for U+msa on input line 257
.

(/usr/share/texlive/texmf-dist/tex/latex/amsfonts/umsa.fd
File: umsa.fd 2013/01/14 v3.01 AMS symbols A
)
(/usr/share/texlive/texmf-dist/tex/latex/microtype/mt-msa.cfg
File: mt-msa.cfg 2006/02/04 v1.1 microtype config. file: AMS symbols (a) (RS)
)
LaTeX Font Info:    Trying to load font information for U+msb on input line 257
.

(/usr/share/texlive/texmf-dist/tex/latex/amsfonts/umsb.fd
File: umsb.fd 2013/01/14 v3.01 AMS symbols B
)
(/usr/share/texlive/texmf-dist/tex/latex/microtype/mt-msb.cfg
File: mt-msb.cfg 2005/06/01 v1.0 microtype config. file: AMS symbols (b) (RS)
)
LaTeX Font Info:    Trying to load font information for U+rsfs on input line 25
7.

(/usr/share/texlive/texmf-dist/tex/latex/jknapltx/ursfs.fd
File: ursfs.fd 1998/03/24 rsfs font definition file (jk)
)

LaTeX Warning: No \author given.

[1

{/var/lib/texmf/fonts/map/pdftex/updmap/pdftex.map} <./logo_zkEVM.png>]
(./estark.toc)
\tf@toc=\write5
\openout5 = `estark.toc'.

 [2] (../latex/background.tex
LaTeX Font Info:    Trying to load font information for TS1+lmr on input line 5
0.

(/usr/share/texmf/tex/latex/lm/ts1lmr.fd
File: ts1lmr.fd 2009/10/30 v1.6 Font defs for Latin Modern
) [3] [4]
LaTeX Font Info:    External font `lmex10' loaded for size
(Font)              <9> on input line 137.
LaTeX Font Info:    External font `lmex10' loaded for size
(Font)              <6> on input line 137.
 [5] [6]
Overfull \hbox (8.03557pt too wide) in paragraph at lines 205--206
[][]\T1/lmr/bx/n/10 Theorem 1 \T1/lmr/m/n/10 (-20) (Batched FRI Sound-ness, [[]
], The-o-rems 7.2,8.3)\T1/lmr/bx/n/10 . []\T1/lmr/m/it/10 (-20) Let $\OML/lmm/m
/it/10 f[]; f[]; [] ; f[] [] [] H \OMS/lmsy/m/n/10 !
 []

LaTeX Font Info:    Font shape `T1/lmss/m/it' in size <10> not available
(Font)              Font shape `T1/lmss/m/sl' tried instead on input line 207.
[7]
Overfull \hbox (6.79999pt too wide) in paragraph at lines 275--290
[] 
 []


Underfull \hbox (badness 10000) in paragraph at lines 275--290

 []

[8]
LaTeX Font Info:    Trying to load font information for U+euf on input line 343
.
 (/usr/share/texlive/texmf-dist/tex/latex/amsfonts/ueuf.fd
File: ueuf.fd 2013/01/14 v3.01 Euler Fraktur
)
(/usr/share/texlive/texmf-dist/tex/latex/microtype/mt-euf.cfg
File: mt-euf.cfg 2006/07/03 v1.1 microtype config. file: AMS Euler Fraktur (RS)

) [9] [10]
[11] [12] [13]
LaTeX Font Info:    External font `lmex10' loaded for size
(Font)              <8> on input line 566.

Overfull \hbox (3.0863pt too wide) in paragraph at lines 568--569
[][]\T1/lmr/bx/n/10 Lemma 2 \T1/lmr/m/n/10 (-20) (Sound-ness of Con-nec-tion)\T
1/lmr/bx/n/10 . []\T1/lmr/m/it/10 (-20) Fix $\OML/lmm/m/it/10 f[]; [] ; f[] \OM
S/lmsy/m/n/10 2 \U/msb/m/n/10 F[]$ \T1/lmr/m/it/10 (-20) and a par-ti-tion $\OM
S/lmsy/m/n/10 T \OT1/lmr/m/n/10 (-20) = \OMS/lmsy/m/n/10 f\OML/lmm/m/it/10 T[];
 [] ; T[]\OMS/lmsy/m/n/10 g$
 []

[14]
Overfull \hbox (16.90662pt too wide) detected at line 617
\OML/lmm/m/it/10 Z\OT1/lmr/m/n/10 (\OML/lmm/m/it/10 g[]\OT1/lmr/m/n/10 ) = []
 []

) (../latex/techniques.tex [15]

pdfTeX warning: /usr/bin/pdflatex (file ../figures/poseidon-linear-hash.pdf): P
DF inclusion: found PDF version <1.6>, but at most version <1.5> allowed
<../figures/poseidon-linear-hash.pdf, id=376, 610.28pt x 310.15875pt>
File: ../figures/poseidon-linear-hash.pdf Graphic file (type pdf)
<use ../figures/poseidon-linear-hash.pdf>
Package pdftex.def Info: ../figures/poseidon-linear-hash.pdf  used on input lin
e 57.
(pdftex.def)             Requested size: 271.86234pt x 138.16928pt.


pdfTeX warning: /usr/bin/pdflatex (file ../figures/MT-poseidon-example.pdf): PD
F inclusion: found PDF version <1.6>, but at most version <1.5> allowed
<../figures/MT-poseidon-example.pdf, id=378, 525.965pt x 416.55624pt>
File: ../figures/MT-poseidon-example.pdf Graphic file (type pdf)
<use ../figures/MT-poseidon-example.pdf>
Package pdftex.def Info: ../figures/MT-poseidon-example.pdf  used on input line
 65.
(pdftex.def)             Requested size: 233.02824pt x 184.55653pt.
[16 <../figures/poseidon-linear-hash.pdf>]
LaTeX Font Info:    Trying to load font information for OT1+lmtt on input line 
72.

(/usr/share/texmf/tex/latex/lm/ot1lmtt.fd
File: ot1lmtt.fd 2009/10/30 v1.6 Font defs for Latin Modern
)
Package microtype Info: Loading generic protrusion settings for font family
(microtype)             `lmtt' (encoding: OT1).
(microtype)             For optimal results, create family-specific settings.
(microtype)             See the microtype manual for details.
LaTeX Font Info:    Trying to load font information for T1+lmtt on input line 7
5.

(/usr/share/texmf/tex/latex/lm/t1lmtt.fd
File: t1lmtt.fd 2009/10/30 v1.6 Font defs for Latin Modern
)
Package microtype Info: Loading generic protrusion settings for font family
(microtype)             `lmtt' (encoding: T1).
(microtype)             For optimal results, create family-specific settings.
(microtype)             See the microtype manual for details.


LaTeX Warning: `!h' float specifier changed to `!ht'.

(../latex/transcript.tex [17 <../figures/MT-poseidon-example.pdf>]

pdfTeX warning: /usr/bin/pdflatex (file ../figures/transcript.pdf): PDF inclusi
on: found PDF version <1.6>, but at most version <1.5> allowed
<../figures/transcript.pdf, id=426, 796.67719pt x 448.1309pt>
File: ../figures/transcript.pdf Graphic file (type pdf)
<use ../figures/transcript.pdf>
Package pdftex.def Info: ../figures/transcript.pdf  used on input line 25.
(pdftex.def)             Requested size: 310.70235pt x 174.77034pt.

LaTeX Warning: `!h' float specifier changed to `!ht'.

[18]
LaTeX Font Info:    Trying to load font information for OT1+lmss on input line 
52.
 (/usr/share/texmf/tex/latex/lm/ot1lmss.fd
File: ot1lmss.fd 2009/10/30 v1.6 Font defs for Latin Modern
)
Package microtype Info: Loading generic protrusion settings for font family
(microtype)             `lmss' (encoding: OT1).
(microtype)             For optimal results, create family-specific settings.
(microtype)             See the microtype manual for details.
) [19 <../figures/transcript.pdf>] [20] [21] [22] [23] [24] [25] [26] [27]) (..
/latex/protocol.tex [28]
Overfull \hbox (14.88792pt too wide) detected at line 52
[]
 []

[29]
Overfull \hbox (18.14348pt too wide) in paragraph at lines 96--97
[]\T1/lmr/bx/n/10 Trace Col-umn Or-a-cles: \T1/lmr/m/n/10 (-20) The prover sets
 or-a-cle func-tions $\OT1/lmr/m/n/10 (-20) [[][]]\OML/lmm/m/it/10 ; [] ; \OT1/
lmr/m/n/10 (-20) [[][]]$ \T1/lmr/m/n/10 (-20) to $[][]$,$[] $,$[][] \OMS/lmsy/m
/n/10 2
 []

[30] [31] [32] [33] [34] [35]
Overfull \hbox (33.69714pt too wide) in paragraph at lines 474--475
[]\T1/lmr/m/n/10 (-20) Checks that $[]\OT1/lmr/m/n/10 (-20) ([][]\OML/lmm/m/it/
10 ; [] ; [][]\OT1/lmr/m/n/10 (-20) )$\T1/lmr/m/n/10 (-20) , $[]\OT1/lmr/m/n/10
 (-20) (\OML/lmm/m/it/10 h[]; h[]; [] ; h[]; h[]\OT1/lmr/m/n/10 (-20) )$\T1/lmr
/m/n/10 (-20) , $[]\OT1/lmr/m/n/10 (-20) (\OML/lmm/m/it/10 Z[]; [] ; Z[];$
 []

) [36] (./estark.bbl [37]) [38] (../latex/full-protocol-descriptions.tex
Overfull \hbox (28.10016pt too wide) in paragraph at lines 34--34
[][] 
 []


Overfull \hbox (28.10016pt too wide) detected at line 34
[][] 
 []


Overfull \hbox (28.10016pt too wide) in paragraph at lines 34--34
[][] 
 []


Overfull \hbox (28.10016pt too wide) detected at line 34
[][] 
 []


Overfull \hbox (28.10016pt too wide) in paragraph at lines 34--34
[][] 
 []


Overfull \hbox (28.10016pt too wide) detected at line 34
[][] 
 []


Overfull \hbox (28.10016pt too wide) in paragraph at lines 34--34
[][] 
 []


Overfull \hbox (28.10016pt too wide) detected at line 34
[][] 
 []


Overfull \hbox (28.10016pt too wide) in paragraph at lines 34--34
[][] 
 []


Overfull \hbox (28.10016pt too wide) detected at line 34
[][] 
 []


Overfull \hbox (28.10016pt too wide) in paragraph at lines 34--34
[][] 
 []


Overfull \hbox (28.10016pt too wide) detected at line 34
[][] 
 []


Overfull \hbox (28.10016pt too wide) in paragraph at lines 34--34
[][] 
 []


Overfull \hbox (28.10016pt too wide) detected at line 34
[][] 
 []


Overfull \hbox (28.10016pt too wide) in paragraph at lines 34--34
[][] 
 []


Overfull \hbox (28.10016pt too wide) detected at line 34
[][] 
 []


Overfull \hbox (28.10016pt too wide) in paragraph at lines 34--34
[][] 
 []


Overfull \hbox (28.10016pt too wide) detected at line 34
[][] 
 []


Overfull \hbox (28.10016pt too wide) in paragraph at lines 34--34
[][] 
 []


Overfull \hbox (28.10016pt too wide) detected at line 34
[][] 
 []


Overfull \hbox (28.10016pt too wide) in paragraph at lines 34--34
[][] 
 []


Overfull \hbox (28.10016pt too wide) detected at line 34
[][] 
 []


Overfull \hbox (28.10016pt too wide) in paragraph at lines 34--34
[][] 
 []


Overfull \hbox (28.10016pt too wide) detected at line 34
[][] 
 []


Overfull \hbox (28.10016pt too wide) in paragraph at lines 34--34
[][] 
 []


Overfull \hbox (28.10016pt too wide) detected at line 34
[][] 
 []


Overfull \hbox (28.10016pt too wide) in paragraph at lines 34--34
[][] 
 []


Overfull \hbox (28.10016pt too wide) detected at line 34
[][] 
 []


Overfull \hbox (28.10016pt too wide) in paragraph at lines 34--34
[][] 
 []


Overfull \hbox (28.10016pt too wide) detected at line 34
[][] 
 []


Overfull \hbox (28.10016pt too wide) in paragraph at lines 34--34
[][] 
 []


Overfull \hbox (28.10016pt too wide) detected at line 34
[][] 
 []


Overfull \hbox (28.10016pt too wide) in paragraph at lines 34--34
[][] 
 []


Overfull \hbox (28.10016pt too wide) detected at line 34
[][] 
 []


Overfull \hbox (28.10016pt too wide) in paragraph at lines 34--34
[][] 
 []


Overfull \hbox (28.10016pt too wide) detected at line 34
[][] 
 []


Overfull \hbox (28.10016pt too wide) in paragraph at lines 34--34
[][] 
 []


Overfull \hbox (28.10016pt too wide) detected at line 34
[][] 
 []


Overfull \hbox (28.10016pt too wide) in paragraph at lines 34--34
[][] 
 []


Overfull \hbox (28.10016pt too wide) detected at line 34
[][] 
 []


Overfull \hbox (28.10016pt too wide) in paragraph at lines 34--34
[][] 
 []


Overfull \hbox (28.10016pt too wide) detected at line 34
[][] 
 []


Overfull \hbox (28.10016pt too wide) in paragraph at lines 34--34
[][] 
 []


Overfull \hbox (28.10016pt too wide) detected at line 34
[][] 
 []


Overfull \hbox (28.10016pt too wide) in paragraph at lines 34--34
[][] 
 []


Overfull \hbox (28.10016pt too wide) detected at line 34
[][] 
 []


Overfull \hbox (28.10016pt too wide) in paragraph at lines 34--34
[][] 
 []


Overfull \hbox (28.10016pt too wide) detected at line 34
[][] 
 []


Overfull \hbox (71.49158pt too wide) detected at line 34
[]
 []


Overfull \hbox (26.10016pt too wide) detected at line 34
[]
 []


Overfull \hbox (106.39172pt too wide) in paragraph at lines 34--34
 [] 
 []


Overfull \hbox (28.10016pt too wide) in paragraph at lines 60--60
[][] 
 []


Overfull \hbox (28.10016pt too wide) detected at line 60
[][] 
 []


Overfull \hbox (28.10016pt too wide) in paragraph at lines 60--60
[][] 
 []


Overfull \hbox (28.10016pt too wide) detected at line 60
[][] 
 []


Overfull \hbox (28.10016pt too wide) in paragraph at lines 60--60
[][] 
 []


Overfull \hbox (28.10016pt too wide) detected at line 60
[][] 
 []


Overfull \hbox (28.10016pt too wide) in paragraph at lines 60--60
[][] 
 []


Overfull \hbox (28.10016pt too wide) detected at line 60
[][] 
 []


Overfull \hbox (28.10016pt too wide) in paragraph at lines 60--60
[][] 
 []


Overfull \hbox (28.10016pt too wide) detected at line 60
[][] 
 []


Overfull \hbox (28.10016pt too wide) in paragraph at lines 60--60
[][] 
 []


Overfull \hbox (28.10016pt too wide) detected at line 60
[][] 
 []


Overfull \hbox (28.10016pt too wide) in paragraph at lines 60--60
[][] 
 []


Overfull \hbox (28.10016pt too wide) detected at line 60
[][] 
 []


Overfull \hbox (28.10016pt too wide) in paragraph at lines 60--60
[][] 
 []


Overfull \hbox (28.10016pt too wide) detected at line 60
[][] 
 []


Overfull \hbox (28.10016pt too wide) in paragraph at lines 60--60
[][] 
 []


Overfull \hbox (28.10016pt too wide) detected at line 60
[][] 
 []


Overfull \hbox (28.10016pt too wide) in paragraph at lines 60--60
[][] 
 []


Overfull \hbox (28.10016pt too wide) detected at line 60
[][] 
 []


Overfull \hbox (28.10016pt too wide) in paragraph at lines 60--60
[][] 
 []


Overfull \hbox (28.10016pt too wide) detected at line 60
[][] 
 []


Overfull \hbox (28.10016pt too wide) in paragraph at lines 60--60
[][] 
 []


Overfull \hbox (28.10016pt too wide) detected at line 60
[][] 
 []


Overfull \hbox (28.10016pt too wide) in paragraph at lines 60--60
[][] 
 []


Overfull \hbox (28.10016pt too wide) detected at line 60
[][] 
 []


Overfull \hbox (28.10016pt too wide) in paragraph at lines 60--60
[][] 
 []


Overfull \hbox (28.10016pt too wide) detected at line 60
[][] 
 []


Overfull \hbox (28.10016pt too wide) in paragraph at lines 60--60
[][] 
 []


Overfull \hbox (28.10016pt too wide) detected at line 60
[][] 
 []


Overfull \hbox (28.10016pt too wide) in paragraph at lines 60--60
[][] 
 []


Overfull \hbox (28.10016pt too wide) detected at line 60
[][] 
 []


Overfull \hbox (28.10016pt too wide) in paragraph at lines 60--60
[][] 
 []


Overfull \hbox (28.10016pt too wide) detected at line 60
[][] 
 []


Overfull \hbox (28.10016pt too wide) in paragraph at lines 60--60
[][] 
 []


Overfull \hbox (28.10016pt too wide) detected at line 60
[][] 
 []


Overfull \hbox (28.10016pt too wide) in paragraph at lines 60--60
[][] 
 []


Overfull \hbox (28.10016pt too wide) detected at line 60
[][] 
 []


Overfull \hbox (28.10016pt too wide) in paragraph at lines 60--60
[][] 
 []


Overfull \hbox (28.10016pt too wide) detected at line 60
[][] 
 []


Overfull \hbox (28.10016pt too wide) in paragraph at lines 60--60
[][] 
 []


Overfull \hbox (28.10016pt too wide) detected at line 60
[][] 
 []


Overfull \hbox (28.10016pt too wide) in paragraph at lines 60--60
[][] 
 []


Overfull \hbox (28.10016pt too wide) detected at line 60
[][] 
 []


Overfull \hbox (28.10016pt too wide) in paragraph at lines 60--60
[][] 
 []


Overfull \hbox (28.10016pt too wide) detected at line 60
[][] 
 []


Overfull \hbox (28.10016pt too wide) in paragraph at lines 60--60
[][] 
 []


Overfull \hbox (28.10016pt too wide) detected at line 60
[][] 
 []


Overfull \hbox (28.10016pt too wide) in paragraph at lines 60--60
[][] 
 []


Overfull \hbox (28.10016pt too wide) detected at line 60
[][] 
 []


Overfull \hbox (28.10016pt too wide) in paragraph at lines 60--60
[][] 
 []


Overfull \hbox (28.10016pt too wide) detected at line 60
[][] 
 []


Overfull \hbox (28.10016pt too wide) in paragraph at lines 60--60
[][] 
 []


Overfull \hbox (28.10016pt too wide) detected at line 60
[][] 
 []


Overfull \hbox (28.10016pt too wide) in paragraph at lines 60--60
[][] 
 []


Overfull \hbox (28.10016pt too wide) detected at line 60
[][] 
 []


Overfull \hbox (28.10016pt too wide) in paragraph at lines 60--60
[][] 
 []


Overfull \hbox (28.10016pt too wide) detected at line 60
[][] 
 []


Overfull \hbox (28.10016pt too wide) in paragraph at lines 60--60
[][] 
 []


Overfull \hbox (28.10016pt too wide) detected at line 60
[][] 
 []


Overfull \hbox (28.10016pt too wide) in paragraph at lines 60--60
[][] 
 []


Overfull \hbox (28.10016pt too wide) detected at line 60
[][] 
 []


Overfull \hbox (28.10016pt too wide) in paragraph at lines 60--60
[][] 
 []


Overfull \hbox (28.10016pt too wide) detected at line 60
[][] 
 []


Overfull \hbox (82.76826pt too wide) detected at line 60
[]
 []


Overfull \hbox (26.10016pt too wide) detected at line 60
[]
 []


Overfull \hbox (117.66841pt too wide) in paragraph at lines 60--60
 [] 
 []


Underfull \vbox (badness 10000) has occurred while \output is active []

 [39]
[40] [41]
Overfull \hbox (47.57358pt too wide) detected at line 173
[]
 []


Overfull \hbox (56.37357pt too wide) in paragraph at lines 173--173
 [] 
 []


Overfull \hbox (28.10016pt too wide) in paragraph at lines 186--186
[][] 
 []


Overfull \hbox (28.10016pt too wide) detected at line 186
[][] 
 []


Overfull \hbox (28.34177pt too wide) in paragraph at lines 186--186
[][] 
 []


Overfull \hbox (28.34177pt too wide) detected at line 186
[][] 
 []


Overfull \hbox (28.10016pt too wide) in paragraph at lines 186--186
[][] 
 []


Overfull \hbox (28.10016pt too wide) detected at line 186
[][] 
 []


Overfull \hbox (28.10016pt too wide) in paragraph at lines 186--186
[][] 
 []


Overfull \hbox (28.10016pt too wide) detected at line 186
[][] 
 []


Overfull \hbox (28.10016pt too wide) in paragraph at lines 186--186
[][] 
 []


Overfull \hbox (28.10016pt too wide) detected at line 186
[][] 
 []


Overfull \hbox (28.10016pt too wide) in paragraph at lines 186--186
[][] 
 []


Overfull \hbox (28.10016pt too wide) detected at line 186
[][] 
 []


Overfull \hbox (28.10016pt too wide) in paragraph at lines 186--186
[][] 
 []


Overfull \hbox (28.10016pt too wide) detected at line 186
[][] 
 []


Overfull \hbox (28.10016pt too wide) in paragraph at lines 186--186
[][] 
 []


Overfull \hbox (28.10016pt too wide) detected at line 186
[][] 
 []


Overfull \hbox (28.34177pt too wide) in paragraph at lines 186--186
[][] 
 []


Overfull \hbox (28.34177pt too wide) detected at line 186
[][] 
 []


Overfull \hbox (28.10016pt too wide) in paragraph at lines 186--186
[][] 
 []


Overfull \hbox (28.10016pt too wide) detected at line 186
[][] 
 []


Overfull \hbox (28.10016pt too wide) in paragraph at lines 186--186
[][] 
 []


Overfull \hbox (28.10016pt too wide) detected at line 186
[][] 
 []


Overfull \hbox (28.10016pt too wide) in paragraph at lines 186--186
[][] 
 []


Overfull \hbox (28.10016pt too wide) detected at line 186
[][] 
 []


Overfull \hbox (28.10016pt too wide) in paragraph at lines 186--186
[][] 
 []


Overfull \hbox (28.10016pt too wide) detected at line 186
[][] 
 []


Overfull \hbox (28.10016pt too wide) in paragraph at lines 186--186
[][] 
 []


Overfull \hbox (28.10016pt too wide) detected at line 186
[][] 
 []


Overfull \hbox (46.99963pt too wide) detected at line 186
[]
 []


Overfull \hbox (26.34177pt too wide) detected at line 186
[]
 []


Overfull \hbox (82.14139pt too wide) in paragraph at lines 186--186
 [] 
 []

[42]
Overfull \hbox (50.28903pt too wide) detected at line 228
[]
 []


Overfull \hbox (59.08902pt too wide) in paragraph at lines 228--228
 [] 
 []


Overfull \hbox (28.10016pt too wide) in paragraph at lines 242--242
[][] 
 []


Overfull \hbox (28.10016pt too wide) detected at line 242
[][] 
 []


Overfull \hbox (28.10016pt too wide) in paragraph at lines 242--242
[][] 
 []


Overfull \hbox (28.10016pt too wide) detected at line 242
[][] 
 []


Overfull \hbox (28.10016pt too wide) in paragraph at lines 242--242
[][] 
 []


Overfull \hbox (28.10016pt too wide) detected at line 242
[][] 
 []


Overfull \hbox (28.10016pt too wide) in paragraph at lines 242--242
[][] 
 []


Overfull \hbox (28.10016pt too wide) detected at line 242
[][] 
 []


Overfull \hbox (28.10016pt too wide) in paragraph at lines 242--242
[][] 
 []


Overfull \hbox (28.10016pt too wide) detected at line 242
[][] 
 []


Overfull \hbox (28.10016pt too wide) in paragraph at lines 242--242
[][] 
 []


Overfull \hbox (28.10016pt too wide) detected at line 242
[][] 
 []


Overfull \hbox (28.10016pt too wide) in paragraph at lines 242--242
[][] 
 []


Overfull \hbox (28.10016pt too wide) detected at line 242
[][] 
 []


Overfull \hbox (28.10016pt too wide) in paragraph at lines 242--242
[][] 
 []


Overfull \hbox (28.10016pt too wide) detected at line 242
[][] 
 []


Overfull \hbox (28.10016pt too wide) in paragraph at lines 242--242
[][] 
 []


Overfull \hbox (28.10016pt too wide) detected at line 242
[][] 
 []


Overfull \hbox (28.10016pt too wide) in paragraph at lines 242--242
[][] 
 []


Overfull \hbox (28.10016pt too wide) detected at line 242
[][] 
 []


Overfull \hbox (28.10016pt too wide) in paragraph at lines 242--242
[][] 
 []


Overfull \hbox (28.10016pt too wide) detected at line 242
[][] 
 []


Overfull \hbox (28.10016pt too wide) in paragraph at lines 242--242
[][] 
 []


Overfull \hbox (28.10016pt too wide) detected at line 242
[][] 
 []


Overfull \hbox (28.10016pt too wide) in paragraph at lines 242--242
[][] 
 []


Overfull \hbox (28.10016pt too wide) detected at line 242
[][] 
 []


Overfull \hbox (28.10016pt too wide) in paragraph at lines 242--242
[][] 
 []


Overfull \hbox (28.10016pt too wide) detected at line 242
[][] 
 []


Overfull \hbox (46.99963pt too wide) detected at line 242
[]
 []


Overfull \hbox (26.10016pt too wide) detected at line 242
[]
 []


Overfull \hbox (81.89978pt too wide) in paragraph at lines 242--242
 [] 
 []

)
Underfull \vbox (badness 10000) has occurred while \output is active []

 [43]
[44] (../latex/code-equivalences.tex)
Package atenddvi Info: Last page = 45.
 [45]
Package atveryend Info: Empty hook `BeforeClearDocument' on input line 283.
Package atveryend Info: Executing hook `AfterLastShipout' on input line 283.
 (./estark.aux)
Package atveryend Info: Executing hook `AtVeryEndDocument' on input line 283.
Package atveryend Info: Executing hook `AtEndAfterFileList' on input line 283.
Package rerunfilecheck Info: File `estark.out' has not changed.
(rerunfilecheck)             Checksum: FEF47A41B41DE275CAD9E580B5C20B51;1805.


LaTeX Warning: There were multiply-defined labels.

 ) 
Here is how much of TeX's memory you used:
 27753 strings out of 481239
 499061 string characters out of 5920377
 946250 words of memory out of 5000000
 41691 multiletter control sequences out of 15000+600000
 683191 words of font info for 234 fonts, out of 8000000 for 9000
 1141 hyphenation exceptions out of 8191
 68i,27n,97p,1308b,1885s stack positions out of 5000i,500n,10000p,200000b,80000s
{/usr/share/texmf/fonts/enc/dvips/lm/lm-ec.enc}{/usr/share/texmf/fonts/enc/dv
ips/lm/lm-rm.enc}{/usr/share/texmf/fonts/enc/dvips/lm/lm-rmtt.enc}{/usr/share/t
exmf/fonts/enc/dvips/lm/lm-mathex.enc}{/usr/share/texmf/fonts/enc/dvips/lm/lm-m
athsy.enc}{/usr/share/texmf/fonts/enc/dvips/lm/lm-mathit.enc}{/usr/share/texmf/
fonts/enc/dvips/lm/lm-ts1.enc}</usr/share/texlive/texmf-dist/fonts/type1/public
/amsfonts/euler/eufm10.pfb></usr/share/texmf/fonts/type1/public/lm/lmbx10.pfb><
/usr/share/texmf/fonts/type1/public/lm/lmbxi10.pfb></usr/share/texmf/fonts/type
1/public/lm/lmex10.pfb></usr/share/texmf/fonts/type1/public/lm/lmmi10.pfb></usr
/share/texmf/fonts/type1/public/lm/lmmi5.pfb></usr/share/texmf/fonts/type1/publ
ic/lm/lmmi6.pfb></usr/share/texmf/fonts/type1/public/lm/lmmi7.pfb></usr/share/t
exmf/fonts/type1/public/lm/lmmi9.pfb></usr/share/texmf/fonts/type1/public/lm/lm
r10.pfb></usr/share/texmf/fonts/type1/public/lm/lmr5.pfb></usr/share/texmf/font
s/type1/public/lm/lmr6.pfb></usr/share/texmf/fonts/type1/public/lm/lmr7.pfb></u
sr/share/texmf/fonts/type1/public/lm/lmr8.pfb></usr/share/texmf/fonts/type1/pub
lic/lm/lmr9.pfb></usr/share/texmf/fonts/type1/public/lm/lmri10.pfb></usr/share/
texmf/fonts/type1/public/lm/lmss10.pfb></usr/share/texmf/fonts/type1/public/lm/
lmss8.pfb></usr/share/texmf/fonts/type1/public/lm/lmss9.pfb></usr/share/texmf/f
onts/type1/public/lm/lmssbx10.pfb></usr/share/texmf/fonts/type1/public/lm/lmsso
8.pfb></usr/share/texmf/fonts/type1/public/lm/lmsy10.pfb></usr/share/texmf/font
s/type1/public/lm/lmsy5.pfb></usr/share/texmf/fonts/type1/public/lm/lmsy6.pfb><
/usr/share/texmf/fonts/type1/public/lm/lmsy7.pfb></usr/share/texmf/fonts/type1/
public/lm/lmsy9.pfb></usr/share/texmf/fonts/type1/public/lm/lmtt10.pfb></usr/sh
are/texlive/texmf-dist/fonts/type1/public/amsfonts/symbols/msam10.pfb></usr/sha
re/texlive/texmf-dist/fonts/type1/public/amsfonts/symbols/msbm10.pfb>
Output written on estark.pdf (45 pages, 812841 bytes).
PDF statistics:
 1141 PDF objects out of 1200 (max. 8388607)
 1033 compressed objects within 11 object streams
 438 named destinations out of 1000 (max. 500000)
 46317 words of extra memory for PDF output out of 51595 (max. 10000000)

